<?xml version="1.0" encoding="UTF-8"?>
<testsuite xmlns:xsi="http://www.w3.org/2001/XMLSchema-instance" xsi:noNamespaceSchemaLocation="https://maven.apache.org/surefire/maven-surefire-plugin/xsd/surefire-test-report.xsd" name="br.com.itau.password.domain.rules.OneDigitTest" time="0.001" tests="3" errors="0" skipped="0" failures="0">
  <properties>
[...]
</properties>
  <testcase name="mustReturnTrue_passwordHasFourDigits" classname="br.com.itau.password.domain.rules.OneDigitTest" time="0"/>
  <testcase name="mustReturnTrue_passwordHasOneDigit" classname="br.com.itau.password.domain.rules.OneDigitTest" time="0"/>
  <testcase name="mustReturnFalse_passwordHasNoDigits" classname="br.com.itau.password.domain.rules.OneDigitTest" time="0"/>
</testsuite>